{
  "RSpec": {
    "coverage": {
      "/home/ad/fshome2/u2/j/juhokyyh/Linux/ror/ratebeer/app/models/rating.rb": [
        1,
        1,
        1,
        1,
        null,
        1,
        null,
        1,
        8,
        null,
        null,
        null,
        null
      ],
      "/home/ad/fshome2/u2/j/juhokyyh/Linux/ror/ratebeer/app/helpers/application_helper.rb": [
        1,
        1,
        1,
        null,
        1,
        2,
        null,
        null,
        1,
        1,
        0,
        0,
        null,
        0,
        null,
        null,
        null
      ],
      "/home/ad/fshome2/u2/j/juhokyyh/Linux/ror/ratebeer/app/helpers/beer_clubs_helper.rb": [
        1,
        null
      ],
      "/home/ad/fshome2/u2/j/juhokyyh/Linux/ror/ratebeer/app/helpers/beers_helper.rb": [
        1,
        null
      ],
      "/home/ad/fshome2/u2/j/juhokyyh/Linux/ror/ratebeer/app/helpers/breweries_helper.rb": [
        1,
        null
      ],
      "/home/ad/fshome2/u2/j/juhokyyh/Linux/ror/ratebeer/app/helpers/memberships_helper.rb": [
        1,
        null
      ],
      "/home/ad/fshome2/u2/j/juhokyyh/Linux/ror/ratebeer/app/helpers/users_helper.rb": [
        1,
        null
      ],
      "/home/ad/fshome2/u2/j/juhokyyh/Linux/ror/ratebeer/app/models/beer.rb": [
        1,
        null,
        1,
        1,
        null,
        1,
        1,
        1,
        null,
        1,
        1,
        null,
        1,
        3,
        null,
        null,
        1,
        3,
        2,
        1,
        null,
        null
      ],
      "/home/ad/fshome2/u2/j/juhokyyh/Linux/ror/ratebeer/app/models/concerns/operation.rb": [
        1,
        1,
        null,
        1,
        13,
        0,
        null,
        27,
        13,
        null,
        null,
        1,
        22,
        0,
        null,
        49,
        22,
        null,
        null
      ],
      "/home/ad/fshome2/u2/j/juhokyyh/Linux/ror/ratebeer/app/models/brewery.rb": [
        1,
        1,
        null,
        1,
        1,
        1,
        1,
        1,
        null,
        1,
        1,
        1,
        null,
        4,
        4,
        null,
        1,
        0,
        0,
        0,
        0,
        null,
        null,
        1,
        0,
        0,
        null,
        null,
        1,
        2,
        2,
        1,
        null,
        null,
        null
      ],
      "/home/ad/fshome2/u2/j/juhokyyh/Linux/ror/ratebeer/app/models/concerns/year_validation.rb": [
        1,
        1,
        null,
        1,
        26,
        0,
        null,
        null,
        null
      ],
      "/home/ad/fshome2/u2/j/juhokyyh/Linux/ror/ratebeer/app/models/user.rb": [
        1,
        null,
        1,
        1,
        null,
        1,
        1,
        1,
        1,
        1,
        1,
        1,
        1,
        1,
        null,
        1,
        31,
        4,
        null,
        null,
        null,
        1,
        31,
        2,
        null,
        null,
        null,
        1,
        4,
        3,
        null,
        null,
        1,
        22,
        null,
        null,
        1,
        22,
        null,
        null,
        1,
        2,
        2,
        1,
        null,
        null,
        1,
        60,
        null,
        null,
        null,
        1,
        25,
        11,
        null,
        null,
        1,
        29,
        11,
        null,
        null,
        1,
        24,
        11,
        null,
        null,
        1,
        27,
        11,
        null,
        null,
        null
      ],
      "/home/ad/fshome2/u2/j/juhokyyh/Linux/ror/ratebeer/app/controllers/sessions_controller.rb": [
        1,
        null,
        1,
        null,
        null,
        null,
        1,
        10,
        10,
        9,
        0,
        0,
        null,
        9,
        9,
        null,
        1,
        null,
        null,
        null,
        1,
        0,
        0,
        null,
        null
      ],
      "/home/ad/fshome2/u2/j/juhokyyh/Linux/ror/ratebeer/app/controllers/application_controller.rb": [
        1,
        null,
        null,
        1,
        null,
        1,
        null,
        1,
        147,
        118,
        null,
        null,
        1,
        11,
        null,
        null,
        1,
        0,
        0,
        null,
        null
      ],
      "/home/ad/fshome2/u2/j/juhokyyh/Linux/ror/ratebeer/app/controllers/users_controller.rb": [
        1,
        1,
        1,
        null,
        null,
        null,
        1,
        0,
        null,
        null,
        null,
        null,
        1,
        null,
        null,
        null,
        1,
        1,
        null,
        null,
        null,
        1,
        null,
        null,
        1,
        0,
        0,
        0,
        null,
        0,
        null,
        null,
        null,
        null,
        1,
        1,
        null,
        1,
        1,
        2,
        1,
        null,
        0,
        0,
        null,
        null,
        null,
        null,
        null,
        null,
        1,
        0,
        0,
        0,
        0,
        null,
        0,
        0,
        null,
        null,
        null,
        null,
        null,
        null,
        1,
        0,
        0,
        0,
        0,
        null,
        0,
        null,
        null,
        null,
        1,
        null,
        1,
        18,
        null,
        null,
        null,
        1,
        1,
        null,
        null
      ],
      "/home/ad/fshome2/u2/j/juhokyyh/Linux/ror/ratebeer/app/models/membership.rb": [
        1,
        1,
        1,
        null,
        1,
        null
      ],
      "/home/ad/fshome2/u2/j/juhokyyh/Linux/ror/ratebeer/app/models/beer_club.rb": [
        1,
        null,
        1,
        1,
        1,
        1,
        null,
        1,
        1,
        1,
        null,
        1,
        0,
        null,
        1,
        0,
        null,
        null
      ],
      "/home/ad/fshome2/u2/j/juhokyyh/Linux/ror/ratebeer/app/controllers/beers_controller.rb": [
        1,
        1,
        1,
        1,
        1,
        null,
        1,
        4,
        4,
        null,
        null,
        null,
        null,
        1,
        1,
        null,
        null,
        null,
        null,
        1,
        0,
        0,
        null,
        null,
        null,
        1,
        2,
        null,
        null,
        null,
        1,
        null,
        null,
        null,
        null,
        1,
        2,
        null,
        2,
        2,
        2,
        1,
        null,
        1,
        1,
        2,
        1,
        null,
        null,
        null,
        null,
        null,
        null,
        1,
        0,
        0,
        0,
        0,
        null,
        0,
        0,
        null,
        null,
        null,
        null,
        null,
        null,
        1,
        0,
        0,
        0,
        0,
        null,
        null,
        null,
        1,
        null,
        1,
        0,
        null,
        null,
        null,
        1,
        2,
        null,
        null
      ],
      "/home/ad/fshome2/u2/j/juhokyyh/Linux/ror/ratebeer/app/controllers/breweries_controller.rb": [
        1,
        1,
        1,
        1,
        null,
        null,
        null,
        null,
        1,
        3,
        3,
        null,
        null,
        null,
        null,
        1,
        null,
        null,
        null,
        1,
        0,
        null,
        null,
        null,
        1,
        null,
        null,
        null,
        null,
        1,
        0,
        null,
        0,
        0,
        0,
        0,
        null,
        0,
        0,
        null,
        null,
        null,
        null,
        1,
        0,
        0,
        0,
        null,
        0,
        null,
        null,
        null,
        null,
        1,
        0,
        0,
        0,
        0,
        null,
        0,
        0,
        null,
        null,
        null,
        null,
        null,
        null,
        1,
        0,
        0,
        0,
        0,
        null,
        null,
        null,
        1,
        null,
        1,
        1,
        null,
        null,
        null,
        1,
        0,
        null,
        null,
        1,
        0,
        0,
        0,
        null,
        null,
        null
      ],
      "/home/ad/fshome2/u2/j/juhokyyh/Linux/ror/ratebeer/lib/beermapping_api.rb": [
        1,
        1,
        6,
        10,
        null,
        null,
        1,
        4,
        4,
        4,
        null,
        4,
        null,
        3,
        3,
        5,
        null,
        null,
        null,
        1,
        4,
        4,
        null,
        null
      ],
      "/home/ad/fshome2/u2/j/juhokyyh/Linux/ror/ratebeer/app/models/place.rb": [
        1,
        1,
        1,
        null,
        1,
        7,
        null,
        null,
        null
      ],
      "/home/ad/fshome2/u2/j/juhokyyh/Linux/ror/ratebeer/app/controllers/places_controller.rb": [
        1,
        1,
        1,
        null,
        null,
        1,
        3,
        3,
        0,
        null,
        3,
        3,
        null,
        null,
        null,
        1,
        0,
        0,
        0,
        null,
        null
      ],
      "/home/ad/fshome2/u2/j/juhokyyh/Linux/ror/ratebeer/app/controllers/ratings_controller.rb": [
        1,
        1,
        1,
        1,
        null,
        null,
        1,
        3,
        3,
        null,
        null,
        1,
        3,
        null,
        3,
        3,
        3,
        null,
        0,
        0,
        null,
        null,
        null,
        1,
        1,
        1,
        1,
        null,
        null
      ],
      "/home/ad/fshome2/u2/j/juhokyyh/Linux/ror/ratebeer/app/controllers/beer_clubs_controller.rb": [
        0,
        0,
        0,
        0,
        0,
        0,
        0,
        0,
        0,
        0,
        0,
        0,
        0,
        0,
        0,
        0,
        0,
        0,
        0,
        0,
        0,
        0,
        0,
        0,
        0,
        0,
        0,
        0,
        0,
        0,
        0,
        0,
        0,
        0,
        0,
        0,
        0,
        0,
        0,
        0,
        0,
        0,
        0,
        0,
        0,
        0,
        0,
        0,
        0,
        0,
        0,
        0,
        0,
        0,
        0,
        0,
        0,
        0,
        0,
        0,
        0,
        0,
        0,
        0,
        0,
        0,
        0,
        0,
        0,
        0,
        0,
        0,
        0,
        0,
        0,
        0,
        0,
        0,
        0,
        0
      ],
      "/home/ad/fshome2/u2/j/juhokyyh/Linux/ror/ratebeer/app/controllers/memberships_controller.rb": [
        0,
        0,
        0,
        0,
        0,
        0,
        0,
        0,
        0,
        0,
        0,
        0,
        0,
        0,
        0,
        0,
        0,
        0,
        0,
        0,
        0,
        0,
        0,
        0,
        0,
        0,
        0,
        0,
        0,
        0,
        0,
        0,
        0,
        0,
        0,
        0,
        0,
        0,
        0,
        0,
        0,
        0,
        0,
        0,
        0,
        0,
        0,
        0,
        0,
        0,
        0,
        0,
        0,
        0,
        0,
        0,
        0,
        0,
        0,
        0,
        0,
        0,
        0,
        0,
        0,
        0,
        0,
        0,
        0,
        0,
        0,
        0,
        0,
        0,
        0,
        0,
        0,
        0,
        0
      ]
    },
    "timestamp": 1456506848
  }
}
